=== puma startup: 2017-01-30 18:32:51 +0000 ===
[10233] * Starting control server on unix:///tmp/puma-status-1485801171640-10233
[10233] - Gracefully shutting down workers...
[11512] Early termination of worker
[10233] === puma shutdown: 2017-01-30 18:33:24 +0000 ===
[10233] - Goodbye!
Exiting
=== puma startup: 2017-01-30 18:40:33 +0000 ===
[11755] * Starting control server on unix:///tmp/puma-status-1485801633444-11755
[11755] - Gracefully shutting down workers...
[14151] Early termination of worker
[11755] === puma shutdown: 2017-01-30 18:41:34 +0000 ===
[11755] - Goodbye!
Exiting
=== puma startup: 2017-01-30 18:43:57 +0000 ===
[14260] * Starting control server on unix:///tmp/puma-status-1485801837047-14260
[14260] - Gracefully shutting down workers...
[15433] Early termination of worker
[14260] === puma shutdown: 2017-01-30 18:44:29 +0000 ===
[14260] - Goodbye!
Exiting
=== puma startup: 2017-01-30 18:51:51 +0000 ===
[15752] * Starting control server on unix:///tmp/puma-status-1485802311036-15752
[15759] + Gemfile in context: /home/ec2-user/Remedica-patient/Gemfile
[15763] + Gemfile in context: /home/ec2-user/Remedica-patient/Gemfile
[15767] + Gemfile in context: /home/ec2-user/Remedica-patient/Gemfile
[15771] + Gemfile in context: /home/ec2-user/Remedica-patient/Gemfile
[15775] + Gemfile in context: /home/ec2-user/Remedica-patient/Gemfile
[15779] + Gemfile in context: /home/ec2-user/Remedica-patient/Gemfile
[15783] + Gemfile in context: /home/ec2-user/Remedica-patient/Gemfile
[15787] + Gemfile in context: /home/ec2-user/Remedica-patient/Gemfile
[15791] + Gemfile in context: /home/ec2-user/Remedica-patient/Gemfile
[15797] + Gemfile in context: /home/ec2-user/Remedica-patient/Gemfile
[15802] + Gemfile in context: /home/ec2-user/Remedica-patient/Gemfile
[15806] + Gemfile in context: /home/ec2-user/Remedica-patient/Gemfile
[15810] + Gemfile in context: /home/ec2-user/Remedica-patient/Gemfile
[15814] + Gemfile in context: /home/ec2-user/Remedica-patient/Gemfile
[15818] + Gemfile in context: /home/ec2-user/Remedica-patient/Gemfile
[15822] + Gemfile in context: /home/ec2-user/Remedica-patient/Gemfile
[15826] + Gemfile in context: /home/ec2-user/Remedica-patient/Gemfile
[15830] + Gemfile in context: /home/ec2-user/Remedica-patient/Gemfile
[15834] + Gemfile in context: /home/ec2-user/Remedica-patient/Gemfile
[15838] + Gemfile in context: /home/ec2-user/Remedica-patient/Gemfile
[15844] + Gemfile in context: /home/ec2-user/Remedica-patient/Gemfile
[15848] + Gemfile in context: /home/ec2-user/Remedica-patient/Gemfile
[15852] + Gemfile in context: /home/ec2-user/Remedica-patient/Gemfile
[15856] + Gemfile in context: /home/ec2-user/Remedica-patient/Gemfile
[15860] + Gemfile in context: /home/ec2-user/Remedica-patient/Gemfile
[15864] + Gemfile in context: /home/ec2-user/Remedica-patient/Gemfile
[15868] + Gemfile in context: /home/ec2-user/Remedica-patient/Gemfile
[15872] + Gemfile in context: /home/ec2-user/Remedica-patient/Gemfile
[15876] + Gemfile in context: /home/ec2-user/Remedica-patient/Gemfile
[15880] + Gemfile in context: /home/ec2-user/Remedica-patient/Gemfile
[15886] + Gemfile in context: /home/ec2-user/Remedica-patient/Gemfile
[15890] + Gemfile in context: /home/ec2-user/Remedica-patient/Gemfile
[15894] + Gemfile in context: /home/ec2-user/Remedica-patient/Gemfile
[15898] + Gemfile in context: /home/ec2-user/Remedica-patient/Gemfile
[15902] + Gemfile in context: /home/ec2-user/Remedica-patient/Gemfile
[15906] + Gemfile in context: /home/ec2-user/Remedica-patient/Gemfile
[15910] + Gemfile in context: /home/ec2-user/Remedica-patient/Gemfile
[15914] + Gemfile in context: /home/ec2-user/Remedica-patient/Gemfile
[15918] + Gemfile in context: /home/ec2-user/Remedica-patient/Gemfile
[15922] + Gemfile in context: /home/ec2-user/Remedica-patient/Gemfile
[15926] + Gemfile in context: /home/ec2-user/Remedica-patient/Gemfile
[15932] + Gemfile in context: /home/ec2-user/Remedica-patient/Gemfile
[15937] + Gemfile in context: /home/ec2-user/Remedica-patient/Gemfile
[15941] + Gemfile in context: /home/ec2-user/Remedica-patient/Gemfile
[15945] + Gemfile in context: /home/ec2-user/Remedica-patient/Gemfile
[15949] + Gemfile in context: /home/ec2-user/Remedica-patient/Gemfile
[15953] + Gemfile in context: /home/ec2-user/Remedica-patient/Gemfile
[15957] + Gemfile in context: /home/ec2-user/Remedica-patient/Gemfile
[15961] + Gemfile in context: /home/ec2-user/Remedica-patient/Gemfile
[15965] + Gemfile in context: /home/ec2-user/Remedica-patient/Gemfile
[15969] + Gemfile in context: /home/ec2-user/Remedica-patient/Gemfile
[15975] + Gemfile in context: /home/ec2-user/Remedica-patient/Gemfile
[15979] + Gemfile in context: /home/ec2-user/Remedica-patient/Gemfile
[15983] + Gemfile in context: /home/ec2-user/Remedica-patient/Gemfile
[15987] + Gemfile in context: /home/ec2-user/Remedica-patient/Gemfile
[15991] + Gemfile in context: /home/ec2-user/Remedica-patient/Gemfile
[15995] + Gemfile in context: /home/ec2-user/Remedica-patient/Gemfile
[15999] + Gemfile in context: /home/ec2-user/Remedica-patient/Gemfile
[16003] + Gemfile in context: /home/ec2-user/Remedica-patient/Gemfile
[16007] + Gemfile in context: /home/ec2-user/Remedica-patient/Gemfile
[16011] + Gemfile in context: /home/ec2-user/Remedica-patient/Gemfile
[16015] + Gemfile in context: /home/ec2-user/Remedica-patient/Gemfile
[16021] + Gemfile in context: /home/ec2-user/Remedica-patient/Gemfile
[16025] + Gemfile in context: /home/ec2-user/Remedica-patient/Gemfile
[16029] + Gemfile in context: /home/ec2-user/Remedica-patient/Gemfile
[16033] + Gemfile in context: /home/ec2-user/Remedica-patient/Gemfile
[16037] + Gemfile in context: /home/ec2-user/Remedica-patient/Gemfile
[16041] + Gemfile in context: /home/ec2-user/Remedica-patient/Gemfile
[16045] + Gemfile in context: /home/ec2-user/Remedica-patient/Gemfile
[15752] - Gracefully shutting down workers...
[16045] Early termination of worker
[15752] === puma shutdown: 2017-01-30 18:52:23 +0000 ===
[15752] - Goodbye!
=== puma startup: 2017-01-30 18:53:53 +0000 ===
[16096] * Starting control server on unix:///tmp/puma-status-1485802433040-16096
[16103] + Gemfile in context: /home/ec2-user/Remedica-patient/Gemfile
[16107] + Gemfile in context: /home/ec2-user/Remedica-patient/Gemfile
[16111] + Gemfile in context: /home/ec2-user/Remedica-patient/Gemfile
[16115] + Gemfile in context: /home/ec2-user/Remedica-patient/Gemfile
[16119] + Gemfile in context: /home/ec2-user/Remedica-patient/Gemfile
[16125] + Gemfile in context: /home/ec2-user/Remedica-patient/Gemfile
[16130] + Gemfile in context: /home/ec2-user/Remedica-patient/Gemfile
[16134] + Gemfile in context: /home/ec2-user/Remedica-patient/Gemfile
[16138] + Gemfile in context: /home/ec2-user/Remedica-patient/Gemfile
[16142] + Gemfile in context: /home/ec2-user/Remedica-patient/Gemfile
[16146] + Gemfile in context: /home/ec2-user/Remedica-patient/Gemfile
[16150] + Gemfile in context: /home/ec2-user/Remedica-patient/Gemfile
[16154] + Gemfile in context: /home/ec2-user/Remedica-patient/Gemfile
[16158] + Gemfile in context: /home/ec2-user/Remedica-patient/Gemfile
[16162] + Gemfile in context: /home/ec2-user/Remedica-patient/Gemfile
[16168] + Gemfile in context: /home/ec2-user/Remedica-patient/Gemfile
[16172] + Gemfile in context: /home/ec2-user/Remedica-patient/Gemfile
[16176] + Gemfile in context: /home/ec2-user/Remedica-patient/Gemfile
[16180] + Gemfile in context: /home/ec2-user/Remedica-patient/Gemfile
[16184] + Gemfile in context: /home/ec2-user/Remedica-patient/Gemfile
[16188] + Gemfile in context: /home/ec2-user/Remedica-patient/Gemfile
[16192] + Gemfile in context: /home/ec2-user/Remedica-patient/Gemfile
[16196] + Gemfile in context: /home/ec2-user/Remedica-patient/Gemfile
[16200] + Gemfile in context: /home/ec2-user/Remedica-patient/Gemfile
[16204] + Gemfile in context: /home/ec2-user/Remedica-patient/Gemfile
[16208] + Gemfile in context: /home/ec2-user/Remedica-patient/Gemfile
[16214] + Gemfile in context: /home/ec2-user/Remedica-patient/Gemfile
[16218] + Gemfile in context: /home/ec2-user/Remedica-patient/Gemfile
[16222] + Gemfile in context: /home/ec2-user/Remedica-patient/Gemfile
[16226] + Gemfile in context: /home/ec2-user/Remedica-patient/Gemfile
[16230] + Gemfile in context: /home/ec2-user/Remedica-patient/Gemfile
[16234] + Gemfile in context: /home/ec2-user/Remedica-patient/Gemfile
[16238] + Gemfile in context: /home/ec2-user/Remedica-patient/Gemfile
[16242] + Gemfile in context: /home/ec2-user/Remedica-patient/Gemfile
[16246] + Gemfile in context: /home/ec2-user/Remedica-patient/Gemfile
[16250] + Gemfile in context: /home/ec2-user/Remedica-patient/Gemfile
[16256] + Gemfile in context: /home/ec2-user/Remedica-patient/Gemfile
[16261] + Gemfile in context: /home/ec2-user/Remedica-patient/Gemfile
[16265] + Gemfile in context: /home/ec2-user/Remedica-patient/Gemfile
[16269] + Gemfile in context: /home/ec2-user/Remedica-patient/Gemfile
[16273] + Gemfile in context: /home/ec2-user/Remedica-patient/Gemfile
[16277] + Gemfile in context: /home/ec2-user/Remedica-patient/Gemfile
[16281] + Gemfile in context: /home/ec2-user/Remedica-patient/Gemfile
[16285] + Gemfile in context: /home/ec2-user/Remedica-patient/Gemfile
[16289] + Gemfile in context: /home/ec2-user/Remedica-patient/Gemfile
[16293] + Gemfile in context: /home/ec2-user/Remedica-patient/Gemfile
[16299] + Gemfile in context: /home/ec2-user/Remedica-patient/Gemfile
[16303] + Gemfile in context: /home/ec2-user/Remedica-patient/Gemfile
[16307] + Gemfile in context: /home/ec2-user/Remedica-patient/Gemfile
[16311] + Gemfile in context: /home/ec2-user/Remedica-patient/Gemfile
[16315] + Gemfile in context: /home/ec2-user/Remedica-patient/Gemfile
[16319] + Gemfile in context: /home/ec2-user/Remedica-patient/Gemfile
[16323] + Gemfile in context: /home/ec2-user/Remedica-patient/Gemfile
[16327] + Gemfile in context: /home/ec2-user/Remedica-patient/Gemfile
[16331] + Gemfile in context: /home/ec2-user/Remedica-patient/Gemfile
[16335] + Gemfile in context: /home/ec2-user/Remedica-patient/Gemfile
[16339] + Gemfile in context: /home/ec2-user/Remedica-patient/Gemfile
[16096] - Gracefully shutting down workers...
[16339] Early termination of worker
[16096] === puma shutdown: 2017-01-30 18:54:19 +0000 ===
[16096] - Goodbye!
=== puma startup: 2017-01-30 18:57:19 +0000 ===
[16462] * Starting control server on unix:///tmp/puma-status-1485802639819-16462
[16469] + Gemfile in context: /home/ec2-user/Remedica-patient/Gemfile
[16473] + Gemfile in context: /home/ec2-user/Remedica-patient/Gemfile
[16477] + Gemfile in context: /home/ec2-user/Remedica-patient/Gemfile
[16481] + Gemfile in context: /home/ec2-user/Remedica-patient/Gemfile
[16485] + Gemfile in context: /home/ec2-user/Remedica-patient/Gemfile
[16489] + Gemfile in context: /home/ec2-user/Remedica-patient/Gemfile
[16493] + Gemfile in context: /home/ec2-user/Remedica-patient/Gemfile
[16497] + Gemfile in context: /home/ec2-user/Remedica-patient/Gemfile
[16501] + Gemfile in context: /home/ec2-user/Remedica-patient/Gemfile
[16505] + Gemfile in context: /home/ec2-user/Remedica-patient/Gemfile
[16509] + Gemfile in context: /home/ec2-user/Remedica-patient/Gemfile
[16513] + Gemfile in context: /home/ec2-user/Remedica-patient/Gemfile
[16517] + Gemfile in context: /home/ec2-user/Remedica-patient/Gemfile
[16522] + Gemfile in context: /home/ec2-user/Remedica-patient/Gemfile
[16526] + Gemfile in context: /home/ec2-user/Remedica-patient/Gemfile
[16530] + Gemfile in context: /home/ec2-user/Remedica-patient/Gemfile
[16534] + Gemfile in context: /home/ec2-user/Remedica-patient/Gemfile
[16538] + Gemfile in context: /home/ec2-user/Remedica-patient/Gemfile
[16542] + Gemfile in context: /home/ec2-user/Remedica-patient/Gemfile
[16546] + Gemfile in context: /home/ec2-user/Remedica-patient/Gemfile
[16550] + Gemfile in context: /home/ec2-user/Remedica-patient/Gemfile
[16554] + Gemfile in context: /home/ec2-user/Remedica-patient/Gemfile
[16558] + Gemfile in context: /home/ec2-user/Remedica-patient/Gemfile
[16562] + Gemfile in context: /home/ec2-user/Remedica-patient/Gemfile
[16566] + Gemfile in context: /home/ec2-user/Remedica-patient/Gemfile
[16570] + Gemfile in context: /home/ec2-user/Remedica-patient/Gemfile
[16574] + Gemfile in context: /home/ec2-user/Remedica-patient/Gemfile
[16578] + Gemfile in context: /home/ec2-user/Remedica-patient/Gemfile
[16582] + Gemfile in context: /home/ec2-user/Remedica-patient/Gemfile
[16586] + Gemfile in context: /home/ec2-user/Remedica-patient/Gemfile
[16590] + Gemfile in context: /home/ec2-user/Remedica-patient/Gemfile
[16594] + Gemfile in context: /home/ec2-user/Remedica-patient/Gemfile
[16598] + Gemfile in context: /home/ec2-user/Remedica-patient/Gemfile
[16602] + Gemfile in context: /home/ec2-user/Remedica-patient/Gemfile
[16606] + Gemfile in context: /home/ec2-user/Remedica-patient/Gemfile
[16610] + Gemfile in context: /home/ec2-user/Remedica-patient/Gemfile
[16614] + Gemfile in context: /home/ec2-user/Remedica-patient/Gemfile
[16462] - Gracefully shutting down workers...
[16614] Early termination of worker
[16462] === puma shutdown: 2017-01-30 18:57:37 +0000 ===
[16462] - Goodbye!
=== puma startup: 2017-01-30 19:02:05 +0000 ===
[16682] * Starting control server on unix:///tmp/puma-status-1485802925304-16682
[16689] + Gemfile in context: /home/ec2-user/Remedica-patient/Gemfile
[16693] + Gemfile in context: /home/ec2-user/Remedica-patient/Gemfile
[16697] + Gemfile in context: /home/ec2-user/Remedica-patient/Gemfile
[16701] + Gemfile in context: /home/ec2-user/Remedica-patient/Gemfile
[16705] + Gemfile in context: /home/ec2-user/Remedica-patient/Gemfile
[16709] + Gemfile in context: /home/ec2-user/Remedica-patient/Gemfile
[16713] + Gemfile in context: /home/ec2-user/Remedica-patient/Gemfile
[16717] + Gemfile in context: /home/ec2-user/Remedica-patient/Gemfile
[16721] + Gemfile in context: /home/ec2-user/Remedica-patient/Gemfile
[16725] + Gemfile in context: /home/ec2-user/Remedica-patient/Gemfile
[16729] + Gemfile in context: /home/ec2-user/Remedica-patient/Gemfile
[16733] + Gemfile in context: /home/ec2-user/Remedica-patient/Gemfile
[16738] + Gemfile in context: /home/ec2-user/Remedica-patient/Gemfile
[16742] + Gemfile in context: /home/ec2-user/Remedica-patient/Gemfile
[16746] + Gemfile in context: /home/ec2-user/Remedica-patient/Gemfile
[16750] + Gemfile in context: /home/ec2-user/Remedica-patient/Gemfile
[16754] + Gemfile in context: /home/ec2-user/Remedica-patient/Gemfile
[16758] + Gemfile in context: /home/ec2-user/Remedica-patient/Gemfile
[16762] + Gemfile in context: /home/ec2-user/Remedica-patient/Gemfile
[16766] + Gemfile in context: /home/ec2-user/Remedica-patient/Gemfile
[16770] + Gemfile in context: /home/ec2-user/Remedica-patient/Gemfile
[16774] + Gemfile in context: /home/ec2-user/Remedica-patient/Gemfile
[16778] + Gemfile in context: /home/ec2-user/Remedica-patient/Gemfile
[16782] + Gemfile in context: /home/ec2-user/Remedica-patient/Gemfile
[16786] + Gemfile in context: /home/ec2-user/Remedica-patient/Gemfile
[16790] + Gemfile in context: /home/ec2-user/Remedica-patient/Gemfile
[16794] + Gemfile in context: /home/ec2-user/Remedica-patient/Gemfile
[16798] + Gemfile in context: /home/ec2-user/Remedica-patient/Gemfile
[16802] + Gemfile in context: /home/ec2-user/Remedica-patient/Gemfile
[16806] + Gemfile in context: /home/ec2-user/Remedica-patient/Gemfile
[16810] + Gemfile in context: /home/ec2-user/Remedica-patient/Gemfile
[16814] + Gemfile in context: /home/ec2-user/Remedica-patient/Gemfile
[16818] + Gemfile in context: /home/ec2-user/Remedica-patient/Gemfile
[16822] + Gemfile in context: /home/ec2-user/Remedica-patient/Gemfile
[16826] + Gemfile in context: /home/ec2-user/Remedica-patient/Gemfile
[16830] + Gemfile in context: /home/ec2-user/Remedica-patient/Gemfile
[16834] + Gemfile in context: /home/ec2-user/Remedica-patient/Gemfile
[16838] + Gemfile in context: /home/ec2-user/Remedica-patient/Gemfile
[16842] + Gemfile in context: /home/ec2-user/Remedica-patient/Gemfile
[16846] + Gemfile in context: /home/ec2-user/Remedica-patient/Gemfile
[16850] + Gemfile in context: /home/ec2-user/Remedica-patient/Gemfile
[16854] + Gemfile in context: /home/ec2-user/Remedica-patient/Gemfile
[16858] + Gemfile in context: /home/ec2-user/Remedica-patient/Gemfile
[16862] + Gemfile in context: /home/ec2-user/Remedica-patient/Gemfile
[16867] + Gemfile in context: /home/ec2-user/Remedica-patient/Gemfile
[16871] + Gemfile in context: /home/ec2-user/Remedica-patient/Gemfile
[16875] + Gemfile in context: /home/ec2-user/Remedica-patient/Gemfile
[16879] + Gemfile in context: /home/ec2-user/Remedica-patient/Gemfile
[16883] + Gemfile in context: /home/ec2-user/Remedica-patient/Gemfile
[16887] + Gemfile in context: /home/ec2-user/Remedica-patient/Gemfile
[16891] + Gemfile in context: /home/ec2-user/Remedica-patient/Gemfile
[16895] + Gemfile in context: /home/ec2-user/Remedica-patient/Gemfile
[16899] + Gemfile in context: /home/ec2-user/Remedica-patient/Gemfile
[16903] + Gemfile in context: /home/ec2-user/Remedica-patient/Gemfile
[16907] + Gemfile in context: /home/ec2-user/Remedica-patient/Gemfile
[16911] + Gemfile in context: /home/ec2-user/Remedica-patient/Gemfile
[16915] + Gemfile in context: /home/ec2-user/Remedica-patient/Gemfile
[16919] + Gemfile in context: /home/ec2-user/Remedica-patient/Gemfile
[16923] + Gemfile in context: /home/ec2-user/Remedica-patient/Gemfile
[16927] + Gemfile in context: /home/ec2-user/Remedica-patient/Gemfile
[16931] + Gemfile in context: /home/ec2-user/Remedica-patient/Gemfile
[16935] + Gemfile in context: /home/ec2-user/Remedica-patient/Gemfile
[16939] + Gemfile in context: /home/ec2-user/Remedica-patient/Gemfile
[16943] + Gemfile in context: /home/ec2-user/Remedica-patient/Gemfile
[16947] + Gemfile in context: /home/ec2-user/Remedica-patient/Gemfile
[16951] + Gemfile in context: /home/ec2-user/Remedica-patient/Gemfile
[16955] + Gemfile in context: /home/ec2-user/Remedica-patient/Gemfile
[16959] + Gemfile in context: /home/ec2-user/Remedica-patient/Gemfile
[16963] + Gemfile in context: /home/ec2-user/Remedica-patient/Gemfile
[16967] + Gemfile in context: /home/ec2-user/Remedica-patient/Gemfile
[16971] + Gemfile in context: /home/ec2-user/Remedica-patient/Gemfile
[16975] + Gemfile in context: /home/ec2-user/Remedica-patient/Gemfile
[16979] + Gemfile in context: /home/ec2-user/Remedica-patient/Gemfile
[16983] + Gemfile in context: /home/ec2-user/Remedica-patient/Gemfile
[16987] + Gemfile in context: /home/ec2-user/Remedica-patient/Gemfile
[16991] + Gemfile in context: /home/ec2-user/Remedica-patient/Gemfile
[16996] + Gemfile in context: /home/ec2-user/Remedica-patient/Gemfile
[17000] + Gemfile in context: /home/ec2-user/Remedica-patient/Gemfile
[17004] + Gemfile in context: /home/ec2-user/Remedica-patient/Gemfile
[17008] + Gemfile in context: /home/ec2-user/Remedica-patient/Gemfile
[17012] + Gemfile in context: /home/ec2-user/Remedica-patient/Gemfile
[17016] + Gemfile in context: /home/ec2-user/Remedica-patient/Gemfile
[17020] + Gemfile in context: /home/ec2-user/Remedica-patient/Gemfile
[17024] + Gemfile in context: /home/ec2-user/Remedica-patient/Gemfile
[17028] + Gemfile in context: /home/ec2-user/Remedica-patient/Gemfile
[17032] + Gemfile in context: /home/ec2-user/Remedica-patient/Gemfile
[17036] + Gemfile in context: /home/ec2-user/Remedica-patient/Gemfile
[17040] + Gemfile in context: /home/ec2-user/Remedica-patient/Gemfile
[17044] + Gemfile in context: /home/ec2-user/Remedica-patient/Gemfile
[17048] + Gemfile in context: /home/ec2-user/Remedica-patient/Gemfile
[17052] + Gemfile in context: /home/ec2-user/Remedica-patient/Gemfile
[17056] + Gemfile in context: /home/ec2-user/Remedica-patient/Gemfile
[17060] + Gemfile in context: /home/ec2-user/Remedica-patient/Gemfile
[17064] + Gemfile in context: /home/ec2-user/Remedica-patient/Gemfile
[17068] + Gemfile in context: /home/ec2-user/Remedica-patient/Gemfile
[17072] + Gemfile in context: /home/ec2-user/Remedica-patient/Gemfile
[17076] + Gemfile in context: /home/ec2-user/Remedica-patient/Gemfile
[17080] + Gemfile in context: /home/ec2-user/Remedica-patient/Gemfile
[17084] + Gemfile in context: /home/ec2-user/Remedica-patient/Gemfile
[17088] + Gemfile in context: /home/ec2-user/Remedica-patient/Gemfile
[17092] + Gemfile in context: /home/ec2-user/Remedica-patient/Gemfile
[17096] + Gemfile in context: /home/ec2-user/Remedica-patient/Gemfile
[17100] + Gemfile in context: /home/ec2-user/Remedica-patient/Gemfile
[17104] + Gemfile in context: /home/ec2-user/Remedica-patient/Gemfile
[17108] + Gemfile in context: /home/ec2-user/Remedica-patient/Gemfile
[17112] + Gemfile in context: /home/ec2-user/Remedica-patient/Gemfile
[17116] + Gemfile in context: /home/ec2-user/Remedica-patient/Gemfile
[17120] + Gemfile in context: /home/ec2-user/Remedica-patient/Gemfile
[17124] + Gemfile in context: /home/ec2-user/Remedica-patient/Gemfile
[17129] + Gemfile in context: /home/ec2-user/Remedica-patient/Gemfile
[17133] + Gemfile in context: /home/ec2-user/Remedica-patient/Gemfile
[17137] + Gemfile in context: /home/ec2-user/Remedica-patient/Gemfile
[17141] + Gemfile in context: /home/ec2-user/Remedica-patient/Gemfile
[17145] + Gemfile in context: /home/ec2-user/Remedica-patient/Gemfile
[17149] + Gemfile in context: /home/ec2-user/Remedica-patient/Gemfile
[17153] + Gemfile in context: /home/ec2-user/Remedica-patient/Gemfile
[17157] + Gemfile in context: /home/ec2-user/Remedica-patient/Gemfile
[17161] + Gemfile in context: /home/ec2-user/Remedica-patient/Gemfile
[17165] + Gemfile in context: /home/ec2-user/Remedica-patient/Gemfile
[17169] + Gemfile in context: /home/ec2-user/Remedica-patient/Gemfile
[17173] + Gemfile in context: /home/ec2-user/Remedica-patient/Gemfile
[17177] + Gemfile in context: /home/ec2-user/Remedica-patient/Gemfile
[17181] + Gemfile in context: /home/ec2-user/Remedica-patient/Gemfile
[17185] + Gemfile in context: /home/ec2-user/Remedica-patient/Gemfile
[17189] + Gemfile in context: /home/ec2-user/Remedica-patient/Gemfile
[17193] + Gemfile in context: /home/ec2-user/Remedica-patient/Gemfile
[17197] + Gemfile in context: /home/ec2-user/Remedica-patient/Gemfile
[17201] + Gemfile in context: /home/ec2-user/Remedica-patient/Gemfile
[17205] + Gemfile in context: /home/ec2-user/Remedica-patient/Gemfile
[17209] + Gemfile in context: /home/ec2-user/Remedica-patient/Gemfile
[17213] + Gemfile in context: /home/ec2-user/Remedica-patient/Gemfile
[17217] + Gemfile in context: /home/ec2-user/Remedica-patient/Gemfile
[17221] + Gemfile in context: /home/ec2-user/Remedica-patient/Gemfile
[17225] + Gemfile in context: /home/ec2-user/Remedica-patient/Gemfile
[17229] + Gemfile in context: /home/ec2-user/Remedica-patient/Gemfile
[17233] + Gemfile in context: /home/ec2-user/Remedica-patient/Gemfile
[17237] + Gemfile in context: /home/ec2-user/Remedica-patient/Gemfile
[17241] + Gemfile in context: /home/ec2-user/Remedica-patient/Gemfile
[17245] + Gemfile in context: /home/ec2-user/Remedica-patient/Gemfile
[17249] + Gemfile in context: /home/ec2-user/Remedica-patient/Gemfile
[17253] + Gemfile in context: /home/ec2-user/Remedica-patient/Gemfile
[17258] + Gemfile in context: /home/ec2-user/Remedica-patient/Gemfile
[17262] + Gemfile in context: /home/ec2-user/Remedica-patient/Gemfile
[17266] + Gemfile in context: /home/ec2-user/Remedica-patient/Gemfile
[17270] + Gemfile in context: /home/ec2-user/Remedica-patient/Gemfile
[17274] + Gemfile in context: /home/ec2-user/Remedica-patient/Gemfile
[17278] + Gemfile in context: /home/ec2-user/Remedica-patient/Gemfile
[17282] + Gemfile in context: /home/ec2-user/Remedica-patient/Gemfile
[17286] + Gemfile in context: /home/ec2-user/Remedica-patient/Gemfile
[17290] + Gemfile in context: /home/ec2-user/Remedica-patient/Gemfile
[17294] + Gemfile in context: /home/ec2-user/Remedica-patient/Gemfile
[17298] + Gemfile in context: /home/ec2-user/Remedica-patient/Gemfile
[16682] - Gracefully shutting down workers...
[17298] Early termination of worker
[16682] === puma shutdown: 2017-01-30 19:03:16 +0000 ===
[16682] - Goodbye!
=== puma startup: 2017-01-30 19:08:52 +0000 ===
[17579] * Starting control server on unix:///tmp/puma-status-1485803332761-17579
[17586] + Gemfile in context: /home/ec2-user/Remedica-patient/Gemfile
[17590] + Gemfile in context: /home/ec2-user/Remedica-patient/Gemfile
[17594] + Gemfile in context: /home/ec2-user/Remedica-patient/Gemfile
[17598] + Gemfile in context: /home/ec2-user/Remedica-patient/Gemfile
[17602] + Gemfile in context: /home/ec2-user/Remedica-patient/Gemfile
[17606] + Gemfile in context: /home/ec2-user/Remedica-patient/Gemfile
[17610] + Gemfile in context: /home/ec2-user/Remedica-patient/Gemfile
[17615] + Gemfile in context: /home/ec2-user/Remedica-patient/Gemfile
[17619] + Gemfile in context: /home/ec2-user/Remedica-patient/Gemfile
[17623] + Gemfile in context: /home/ec2-user/Remedica-patient/Gemfile
[17627] + Gemfile in context: /home/ec2-user/Remedica-patient/Gemfile
[17631] + Gemfile in context: /home/ec2-user/Remedica-patient/Gemfile
[17635] + Gemfile in context: /home/ec2-user/Remedica-patient/Gemfile
[17639] + Gemfile in context: /home/ec2-user/Remedica-patient/Gemfile
[17643] + Gemfile in context: /home/ec2-user/Remedica-patient/Gemfile
[17647] + Gemfile in context: /home/ec2-user/Remedica-patient/Gemfile
[17651] + Gemfile in context: /home/ec2-user/Remedica-patient/Gemfile
[17655] + Gemfile in context: /home/ec2-user/Remedica-patient/Gemfile
[17659] + Gemfile in context: /home/ec2-user/Remedica-patient/Gemfile
[17663] + Gemfile in context: /home/ec2-user/Remedica-patient/Gemfile
[17667] + Gemfile in context: /home/ec2-user/Remedica-patient/Gemfile
[17671] + Gemfile in context: /home/ec2-user/Remedica-patient/Gemfile
[17675] + Gemfile in context: /home/ec2-user/Remedica-patient/Gemfile
[17679] + Gemfile in context: /home/ec2-user/Remedica-patient/Gemfile
[17683] + Gemfile in context: /home/ec2-user/Remedica-patient/Gemfile
[17687] + Gemfile in context: /home/ec2-user/Remedica-patient/Gemfile
[17691] + Gemfile in context: /home/ec2-user/Remedica-patient/Gemfile
[17695] + Gemfile in context: /home/ec2-user/Remedica-patient/Gemfile
[17699] + Gemfile in context: /home/ec2-user/Remedica-patient/Gemfile
[17703] + Gemfile in context: /home/ec2-user/Remedica-patient/Gemfile
[17707] + Gemfile in context: /home/ec2-user/Remedica-patient/Gemfile
[17711] + Gemfile in context: /home/ec2-user/Remedica-patient/Gemfile
[17715] + Gemfile in context: /home/ec2-user/Remedica-patient/Gemfile
[17719] + Gemfile in context: /home/ec2-user/Remedica-patient/Gemfile
[17723] + Gemfile in context: /home/ec2-user/Remedica-patient/Gemfile
[17727] + Gemfile in context: /home/ec2-user/Remedica-patient/Gemfile
[17731] + Gemfile in context: /home/ec2-user/Remedica-patient/Gemfile
[17735] + Gemfile in context: /home/ec2-user/Remedica-patient/Gemfile
[17739] + Gemfile in context: /home/ec2-user/Remedica-patient/Gemfile
[17744] + Gemfile in context: /home/ec2-user/Remedica-patient/Gemfile
[17748] + Gemfile in context: /home/ec2-user/Remedica-patient/Gemfile
[17752] + Gemfile in context: /home/ec2-user/Remedica-patient/Gemfile
[17756] + Gemfile in context: /home/ec2-user/Remedica-patient/Gemfile
[17760] + Gemfile in context: /home/ec2-user/Remedica-patient/Gemfile
[17764] + Gemfile in context: /home/ec2-user/Remedica-patient/Gemfile
[17768] + Gemfile in context: /home/ec2-user/Remedica-patient/Gemfile
[17772] + Gemfile in context: /home/ec2-user/Remedica-patient/Gemfile
[17776] + Gemfile in context: /home/ec2-user/Remedica-patient/Gemfile
[17780] + Gemfile in context: /home/ec2-user/Remedica-patient/Gemfile
[17784] + Gemfile in context: /home/ec2-user/Remedica-patient/Gemfile
[17788] + Gemfile in context: /home/ec2-user/Remedica-patient/Gemfile
[17792] + Gemfile in context: /home/ec2-user/Remedica-patient/Gemfile
[17796] + Gemfile in context: /home/ec2-user/Remedica-patient/Gemfile
[17800] + Gemfile in context: /home/ec2-user/Remedica-patient/Gemfile
[17804] + Gemfile in context: /home/ec2-user/Remedica-patient/Gemfile
[17808] + Gemfile in context: /home/ec2-user/Remedica-patient/Gemfile
[17812] + Gemfile in context: /home/ec2-user/Remedica-patient/Gemfile
[17816] + Gemfile in context: /home/ec2-user/Remedica-patient/Gemfile
[17820] + Gemfile in context: /home/ec2-user/Remedica-patient/Gemfile
[17824] + Gemfile in context: /home/ec2-user/Remedica-patient/Gemfile
[17828] + Gemfile in context: /home/ec2-user/Remedica-patient/Gemfile
[17832] + Gemfile in context: /home/ec2-user/Remedica-patient/Gemfile
[17836] + Gemfile in context: /home/ec2-user/Remedica-patient/Gemfile
[17840] + Gemfile in context: /home/ec2-user/Remedica-patient/Gemfile
[17844] + Gemfile in context: /home/ec2-user/Remedica-patient/Gemfile
[17848] + Gemfile in context: /home/ec2-user/Remedica-patient/Gemfile
[17852] + Gemfile in context: /home/ec2-user/Remedica-patient/Gemfile
[17856] + Gemfile in context: /home/ec2-user/Remedica-patient/Gemfile
[17860] + Gemfile in context: /home/ec2-user/Remedica-patient/Gemfile
[17864] + Gemfile in context: /home/ec2-user/Remedica-patient/Gemfile
[17868] + Gemfile in context: /home/ec2-user/Remedica-patient/Gemfile
[17873] + Gemfile in context: /home/ec2-user/Remedica-patient/Gemfile
[17877] + Gemfile in context: /home/ec2-user/Remedica-patient/Gemfile
[17881] + Gemfile in context: /home/ec2-user/Remedica-patient/Gemfile
[17885] + Gemfile in context: /home/ec2-user/Remedica-patient/Gemfile
[17889] + Gemfile in context: /home/ec2-user/Remedica-patient/Gemfile
[17893] + Gemfile in context: /home/ec2-user/Remedica-patient/Gemfile
[17897] + Gemfile in context: /home/ec2-user/Remedica-patient/Gemfile
[17901] + Gemfile in context: /home/ec2-user/Remedica-patient/Gemfile
[17905] + Gemfile in context: /home/ec2-user/Remedica-patient/Gemfile
[17909] + Gemfile in context: /home/ec2-user/Remedica-patient/Gemfile
[17913] + Gemfile in context: /home/ec2-user/Remedica-patient/Gemfile
[17917] + Gemfile in context: /home/ec2-user/Remedica-patient/Gemfile
[17921] + Gemfile in context: /home/ec2-user/Remedica-patient/Gemfile
[17925] + Gemfile in context: /home/ec2-user/Remedica-patient/Gemfile
[17929] + Gemfile in context: /home/ec2-user/Remedica-patient/Gemfile
[17933] + Gemfile in context: /home/ec2-user/Remedica-patient/Gemfile
[17937] + Gemfile in context: /home/ec2-user/Remedica-patient/Gemfile
[17941] + Gemfile in context: /home/ec2-user/Remedica-patient/Gemfile
[17945] + Gemfile in context: /home/ec2-user/Remedica-patient/Gemfile
[17949] + Gemfile in context: /home/ec2-user/Remedica-patient/Gemfile
[17953] + Gemfile in context: /home/ec2-user/Remedica-patient/Gemfile
[17957] + Gemfile in context: /home/ec2-user/Remedica-patient/Gemfile
[17961] + Gemfile in context: /home/ec2-user/Remedica-patient/Gemfile
[17965] + Gemfile in context: /home/ec2-user/Remedica-patient/Gemfile
[17969] + Gemfile in context: /home/ec2-user/Remedica-patient/Gemfile
[17973] + Gemfile in context: /home/ec2-user/Remedica-patient/Gemfile
[17977] + Gemfile in context: /home/ec2-user/Remedica-patient/Gemfile
[17981] + Gemfile in context: /home/ec2-user/Remedica-patient/Gemfile
[17985] + Gemfile in context: /home/ec2-user/Remedica-patient/Gemfile
[17989] + Gemfile in context: /home/ec2-user/Remedica-patient/Gemfile
[17993] + Gemfile in context: /home/ec2-user/Remedica-patient/Gemfile
[17997] + Gemfile in context: /home/ec2-user/Remedica-patient/Gemfile
[18002] + Gemfile in context: /home/ec2-user/Remedica-patient/Gemfile
[18006] + Gemfile in context: /home/ec2-user/Remedica-patient/Gemfile
[18010] + Gemfile in context: /home/ec2-user/Remedica-patient/Gemfile
[18014] + Gemfile in context: /home/ec2-user/Remedica-patient/Gemfile
[18018] + Gemfile in context: /home/ec2-user/Remedica-patient/Gemfile
[18022] + Gemfile in context: /home/ec2-user/Remedica-patient/Gemfile
[18026] + Gemfile in context: /home/ec2-user/Remedica-patient/Gemfile
[18030] + Gemfile in context: /home/ec2-user/Remedica-patient/Gemfile
[18034] + Gemfile in context: /home/ec2-user/Remedica-patient/Gemfile
[18038] + Gemfile in context: /home/ec2-user/Remedica-patient/Gemfile
[18042] + Gemfile in context: /home/ec2-user/Remedica-patient/Gemfile
[18046] + Gemfile in context: /home/ec2-user/Remedica-patient/Gemfile
[18050] + Gemfile in context: /home/ec2-user/Remedica-patient/Gemfile
[18054] + Gemfile in context: /home/ec2-user/Remedica-patient/Gemfile
[18058] + Gemfile in context: /home/ec2-user/Remedica-patient/Gemfile
[18062] + Gemfile in context: /home/ec2-user/Remedica-patient/Gemfile
[17579] - Gracefully shutting down workers...
[18062] Early termination of worker
[17579] === puma shutdown: 2017-01-30 19:09:48 +0000 ===
[17579] - Goodbye!
=== puma startup: 2017-01-30 19:10:11 +0000 ===
[18070] * Starting control server on unix:///tmp/puma-status-1485803411171-18070
[18070] - Gracefully shutting down workers...
[19475] Early termination of worker
[18070] === puma shutdown: 2017-01-30 19:10:47 +0000 ===
[18070] - Goodbye!
Exiting
=== puma startup: 2017-01-30 19:11:34 +0000 ===
[19488] * Starting control server on unix:///tmp/puma-status-1485803494882-19488
[19488] - Gracefully shutting down workers...
[22028] Early termination of worker
[19488] === puma shutdown: 2017-01-30 19:12:40 +0000 ===
[19488] - Goodbye!
Exiting
=== puma startup: 2017-01-30 19:12:51 +0000 ===
[22033] * Starting control server on unix:///tmp/puma-status-1485803571123-22033
[22033] - Gracefully shutting down workers...
[22840] Early termination of worker
[22033] === puma shutdown: 2017-01-30 19:13:12 +0000 ===
[22033] - Goodbye!
Exiting
=== puma startup: 2017-01-30 19:17:34 +0000 ===
[22917] * Starting control server on unix:///tmp/puma-status-1485803854771-22917
[22917] - Gracefully shutting down workers...
[24450] Early termination of worker
[22917] === puma shutdown: 2017-01-30 19:18:17 +0000 ===
[22917] - Goodbye!
Exiting
=== puma startup: 2017-01-30 19:18:27 +0000 ===
[24479] * Starting control server on unix:///tmp/puma-status-1485803907948-24479
[24479] - Gracefully shutting down workers...
[26303] Early termination of worker
[24479] === puma shutdown: 2017-01-30 19:19:14 +0000 ===
[24479] - Goodbye!
Exiting
=== puma startup: 2017-01-30 19:21:10 +0000 ===
[26375] * Starting control server on unix:///tmp/puma-status-1485804070779-26375
[26375] - Worker 0 (pid: 26384) booted, phase: 0
[26375] - Gracefully shutting down workers...
[26375] === puma shutdown: 2017-01-30 19:22:01 +0000 ===
[26375] - Goodbye!
Exiting
=== puma startup: 2017-01-30 19:25:34 +0000 ===
[26573] * Starting control server on unix:///tmp/puma-status-1485804334803-26573
[26573] - Worker 0 (pid: 26580) booted, phase: 0
[26573] - Gracefully shutting down workers...
[26573] === puma shutdown: 2017-01-30 19:25:54 +0000 ===
[26573] - Goodbye!
Exiting
=== puma startup: 2017-01-30 19:29:49 +0000 ===
[26769] * Starting control server on unix:///tmp/puma-status-1485804589457-26769
[26769] - Worker 0 (pid: 26776) booted, phase: 0
[26769] - Gracefully shutting down workers...
[26769] === puma shutdown: 2017-01-30 19:29:59 +0000 ===
[26769] - Goodbye!
Exiting
=== puma startup: 2017-01-30 19:38:02 +0000 ===
[27112] * Starting control server on unix:///tmp/puma-status-1485805082052-27112
[27118] + Gemfile in context: /home/ec2-user/Remedica-patient/Gemfile
[27112] - Worker 0 (pid: 27118) booted, phase: 0
[27112] - Gracefully shutting down workers...
[27112] === puma shutdown: 2017-01-30 19:40:02 +0000 ===
[27112] - Goodbye!
=== puma startup: 2017-01-30 19:43:51 +0000 ===
[27384] * Starting control server on unix:///tmp/puma-status-1485805431505-27384
[27390] + Gemfile in context: /home/ec2-user/Remedica-patient/Gemfile
[27384] - Worker 0 (pid: 27390) booted, phase: 0
[27384] - Gracefully shutting down workers...
[27384] === puma shutdown: 2017-01-30 19:44:07 +0000 ===
[27384] - Goodbye!
=== puma startup: 2017-01-30 19:47:41 +0000 ===
[27575] * Starting control server on unix:///tmp/puma-status-1485805661484-27575
[27581] + Gemfile in context: /home/ec2-user/Remedica-patient/Gemfile
[27575] - Worker 0 (pid: 27581) booted, phase: 0
[27575] - Gracefully shutting down workers...
[27575] === puma shutdown: 2017-01-30 19:48:08 +0000 ===
[27575] - Goodbye!
=== puma startup: 2017-01-30 19:57:33 +0000 ===
[27741] * Starting control server on unix:///tmp/puma-status-1485806253318-27741
[27747] + Gemfile in context: /home/ec2-user/Remedica-patient/Gemfile
[27741] - Worker 0 (pid: 27747) booted, phase: 0
[27741] - Gracefully shutting down workers...
[27741] === puma shutdown: 2017-01-30 19:57:56 +0000 ===
[27741] - Goodbye!
=== puma startup: 2017-01-30 19:59:33 +0000 ===
[27806] * Starting control server on unix:///tmp/puma-status-1485806373959-27806
[27812] + Gemfile in context: /home/ec2-user/Remedica-patient/Gemfile
[27806] - Worker 0 (pid: 27812) booted, phase: 0
[27806] - Gracefully shutting down workers...
[27806] === puma shutdown: 2017-01-30 19:59:41 +0000 ===
[27806] - Goodbye!
=== puma startup: 2017-02-01 14:44:37 +0000 ===
[13208] * Starting control server on unix:///tmp/puma-status-1485960277759-13208
[13214] + Gemfile in context: /home/ec2-user/Remedica-patient/Gemfile
[13208] - Worker 0 (pid: 13214) booted, phase: 0
[13208] - Gracefully shutting down workers...
[13208] === puma shutdown: 2017-02-01 14:45:01 +0000 ===
[13208] - Goodbye!
=== puma startup: 2017-02-01 14:45:35 +0000 ===
[13251] * Starting control server on unix:///tmp/puma-status-1485960335833-13251
[13251] - Worker 0 (pid: 13260) booted, phase: 0
[13251] - Gracefully shutting down workers...
[13251] === puma shutdown: 2017-02-01 14:45:48 +0000 ===
[13251] - Goodbye!
Exiting
=== puma startup: 2017-02-01 14:46:12 +0000 ===
[13288] * Starting control server on unix:///tmp/puma-status-1485960372801-13288
[13288] - Worker 0 (pid: 13295) booted, phase: 0
[13288] - Gracefully shutting down workers...
[13288] === puma shutdown: 2017-02-01 14:46:17 +0000 ===
[13288] - Goodbye!
Exiting
=== puma startup: 2017-02-01 15:09:51 +0000 ===
[14053] * Starting control server on unix:///tmp/puma-status-1485961791520-14053
[14059] + Gemfile in context: /home/ec2-user/Remedica-patient/Gemfile
[14053] - Worker 0 (pid: 14059) booted, phase: 0
[14053] - Gracefully shutting down workers...
[14053] === puma shutdown: 2017-02-01 15:09:58 +0000 ===
[14053] - Goodbye!
=== puma startup: 2017-02-01 15:10:15 +0000 ===
[14079] * Starting control server on unix:///tmp/puma-status-1485961815222-14079
[14079] - Worker 0 (pid: 14088) booted, phase: 0
[14079] - Gracefully shutting down workers...
[14079] === puma shutdown: 2017-02-01 15:10:21 +0000 ===
[14079] - Goodbye!
Exiting
=== puma startup: 2017-02-01 15:57:36 +0000 ===
[15906] * Starting control server on unix:///tmp/puma-status-1485964656754-15906
[15912] + Gemfile in context: /home/ec2-user/Remedica-patient/Gemfile
[15906] - Worker 0 (pid: 15912) booted, phase: 0
[15906] - Gracefully shutting down workers...
[15906] === puma shutdown: 2017-02-01 15:58:13 +0000 ===
[15906] - Goodbye!
=== puma startup: 2017-02-01 16:00:40 +0000 ===
[16043] * Starting control server on unix:///tmp/puma-status-1485964840754-16043
[16043] - Worker 0 (pid: 16050) booted, phase: 0
[16043] - Gracefully shutting down workers...
[16043] === puma shutdown: 2017-02-01 16:00:51 +0000 ===
[16043] - Goodbye!
Exiting
=== puma startup: 2017-02-01 16:03:37 +0000 ===
[16130] * Starting control server on unix:///tmp/puma-status-1485965017575-16130
[16136] + Gemfile in context: /home/ec2-user/Remedica-patient/Gemfile
[16130] - Worker 0 (pid: 16136) booted, phase: 0
[16130] - Gracefully shutting down workers...
[16130] === puma shutdown: 2017-02-01 16:03:43 +0000 ===
[16130] - Goodbye!
=== puma startup: 2017-02-01 16:15:10 +0000 ===
[16239] * Starting control server on unix:///tmp/puma-status-1485965710745-16239
[16245] + Gemfile in context: /home/ec2-user/Remedica-patient/Gemfile
[16239] - Worker 0 (pid: 16245) booted, phase: 0
[16239] - Gracefully shutting down workers...
[16239] === puma shutdown: 2017-02-01 16:15:20 +0000 ===
[16239] - Goodbye!
=== puma startup: 2017-02-01 16:16:22 +0000 ===
[16359] * Starting control server on unix:///tmp/puma-status-1485965782897-16359
[16365] + Gemfile in context: /home/ec2-user/Remedica-patient/Gemfile
[16359] - Worker 0 (pid: 16365) booted, phase: 0
[16359] - Gracefully shutting down workers...
[16359] === puma shutdown: 2017-02-01 16:17:30 +0000 ===
[16359] - Goodbye!
=== puma startup: 2017-02-01 16:18:57 +0000 ===
[16465] * Starting control server on unix:///tmp/puma-status-1485965937476-16465
[16471] + Gemfile in context: /home/ec2-user/Remedica-patient/Gemfile
[16465] - Worker 0 (pid: 16471) booted, phase: 0
[16465] - Gracefully shutting down workers...
[16465] === puma shutdown: 2017-02-01 16:19:14 +0000 ===
[16465] - Goodbye!
=== puma startup: 2017-02-01 16:20:21 +0000 ===
[16541] * Starting control server on unix:///tmp/puma-status-1485966021106-16541
[16547] + Gemfile in context: /home/ec2-user/Remedica-patient/Gemfile
[16541] - Worker 0 (pid: 16547) booted, phase: 0
[16541] - Gracefully shutting down workers...
[16541] === puma shutdown: 2017-02-01 16:20:54 +0000 ===
[16541] - Goodbye!
=== puma startup: 2017-02-01 16:22:26 +0000 ===
[16666] * Starting control server on unix:///tmp/puma-status-1485966146590-16666
[16672] + Gemfile in context: /home/ec2-user/Remedica-patient/Gemfile
[16666] - Worker 0 (pid: 16672) booted, phase: 0
[16666] - Gracefully shutting down workers...
[16666] === puma shutdown: 2017-02-01 16:22:47 +0000 ===
[16666] - Goodbye!
=== puma startup: 2017-02-01 16:28:39 +0000 ===
[16902] * Starting control server on unix:///tmp/puma-status-1485966519313-16902
[16908] + Gemfile in context: /home/ec2-user/Remedica-patient/Gemfile
[16902] - Worker 0 (pid: 16908) booted, phase: 0
[16902] - Gracefully shutting down workers...
[16902] === puma shutdown: 2017-02-01 16:28:46 +0000 ===
[16902] - Goodbye!
=== puma startup: 2017-02-01 16:29:50 +0000 ===
[16924] * Starting control server on unix:///tmp/puma-status-1485966590430-16924
[16930] + Gemfile in context: /home/ec2-user/Remedica-patient/Gemfile
[16924] - Worker 0 (pid: 16930) booted, phase: 0
[16924] - Gracefully shutting down workers...
[16924] === puma shutdown: 2017-02-01 16:29:52 +0000 ===
[16924] - Goodbye!
=== puma startup: 2017-02-01 16:39:10 +0000 ===
[17051] * Starting control server on unix:///tmp/puma-status-1485967150437-17051
[17057] + Gemfile in context: /home/ec2-user/Remedica-patient/Gemfile
[17051] - Worker 0 (pid: 17057) booted, phase: 0
[17051] - Gracefully shutting down workers...
[17051] === puma shutdown: 2017-02-01 16:39:17 +0000 ===
[17051] - Goodbye!
=== puma startup: 2017-02-01 16:40:35 +0000 ===
[17085] * Starting control server on unix:///tmp/puma-status-1485967235396-17085
[17091] + Gemfile in context: /home/ec2-user/Remedica-patient/Gemfile
[17085] - Worker 0 (pid: 17091) booted, phase: 0
[17085] - Gracefully shutting down workers...
[17085] === puma shutdown: 2017-02-01 16:41:11 +0000 ===
[17085] - Goodbye!
=== puma startup: 2017-02-01 16:44:02 +0000 ===
[17262] * Starting control server on unix:///tmp/puma-status-1485967442791-17262
[17268] + Gemfile in context: /home/ec2-user/Remedica-patient/Gemfile
[17262] - Worker 0 (pid: 17268) booted, phase: 0
[17262] - Gracefully shutting down workers...
[17262] === puma shutdown: 2017-02-01 16:44:11 +0000 ===
[17262] - Goodbye!
=== puma startup: 2017-02-01 16:51:07 +0000 ===
[17540] * Starting control server on unix:///tmp/puma-status-1485967867905-17540
[17546] + Gemfile in context: /home/ec2-user/Remedica-patient/Gemfile
[17540] - Worker 0 (pid: 17546) booted, phase: 0
[17540] - Gracefully shutting down workers...
[17540] === puma shutdown: 2017-02-01 16:51:19 +0000 ===
[17540] - Goodbye!
=== puma startup: 2017-02-01 16:52:38 +0000 ===
[17614] * Starting control server on unix:///tmp/puma-status-1485967958550-17614
[17620] + Gemfile in context: /home/ec2-user/Remedica-patient/Gemfile
[17614] - Worker 0 (pid: 17620) booted, phase: 0
[17614] - Gracefully shutting down workers...
[17614] === puma shutdown: 2017-02-01 16:52:45 +0000 ===
[17614] - Goodbye!
=== puma startup: 2017-02-01 16:54:03 +0000 ===
[17677] * Starting control server on unix:///tmp/puma-status-1485968043479-17677
[17683] + Gemfile in context: /home/ec2-user/Remedica-patient/Gemfile
[17677] - Gracefully shutting down workers...
[17683] Early termination of worker
[17677] === puma shutdown: 2017-02-01 16:54:05 +0000 ===
[17677] - Goodbye!
=== puma startup: 2017-02-01 16:55:59 +0000 ===
[17748] * Starting control server on unix:///tmp/puma-status-1485968159473-17748
[17754] + Gemfile in context: /home/ec2-user/Remedica-patient/Gemfile
[17748] - Worker 0 (pid: 17754) booted, phase: 0
[17748] - Gracefully shutting down workers...
[17748] === puma shutdown: 2017-02-01 16:56:03 +0000 ===
[17748] - Goodbye!
No such file or directory - connect(2) for /tmp/puma-status-1485968159473-17748
=== puma startup: 2017-02-01 16:56:49 +0000 ===
[17792] * Starting control server on unix:///tmp/puma-status-1485968209194-17787
[17799] + Gemfile in context: /home/ec2-user/Remedica-patient/Gemfile
[17792] - Worker 0 (pid: 17799) booted, phase: 0
[17792] - Gracefully shutting down workers...
[17792] === puma shutdown: 2017-02-01 16:58:03 +0000 ===
[17792] - Goodbye!
=== puma startup: 2017-02-01 16:58:16 +0000 ===
[17860] * Starting control server on unix:///tmp/puma-status-1485968296854-17860
[17866] + Gemfile in context: /home/ec2-user/Remedica-patient/Gemfile
[17860] - Worker 0 (pid: 17866) booted, phase: 0
[17860] - Gracefully shutting down workers...
[17860] === puma shutdown: 2017-02-01 16:58:21 +0000 ===
[17860] - Goodbye!
=== puma startup: 2017-02-01 16:58:38 +0000 ===
[17893] * Starting control server on unix:///tmp/puma-status-1485968318769-17887
[17900] + Gemfile in context: /home/ec2-user/Remedica-patient/Gemfile
[17893] - Worker 0 (pid: 17900) booted, phase: 0
[17893] - Gracefully shutting down workers...
[17893] === puma shutdown: 2017-02-01 17:01:05 +0000 ===
[17893] - Goodbye!
=== puma startup: 2017-02-01 17:01:14 +0000 ===
[17998] * Starting control server on unix:///tmp/puma-status-1485968474856-17998
[18004] + Gemfile in context: /home/ec2-user/Remedica-patient/Gemfile
[17998] - Gracefully shutting down workers...
[18004] Early termination of worker
[17998] === puma shutdown: 2017-02-01 17:01:16 +0000 ===
[17998] - Goodbye!
No such file or directory - connect(2) for /tmp/puma-status-1485968474856-17998
=== puma startup: 2017-02-01 17:02:56 +0000 ===
[18066] * Starting control server on unix:///tmp/puma-status-1485968576010-18061
[18073] + Gemfile in context: /home/ec2-user/Remedica-patient/Gemfile
[18066] - Worker 0 (pid: 18073) booted, phase: 0
[18066] - Gracefully shutting down workers...
[18066] === puma shutdown: 2017-02-01 17:03:04 +0000 ===
[18066] - Goodbye!
=== puma startup: 2017-02-01 17:05:55 +0000 ===
[18185] * Starting control server on unix:///tmp/puma-status-1485968755164-18180
[18192] + Gemfile in context: /home/ec2-user/Remedica-patient/Gemfile
[18185] - Worker 0 (pid: 18192) booted, phase: 0
[18185] - Gracefully shutting down workers...
[18185] === puma shutdown: 2017-02-01 17:06:46 +0000 ===
[18185] - Goodbye!
=== puma startup: 2017-02-01 17:13:53 +0000 ===
[18474] * Starting control server on unix:///tmp/puma-status-1485969233022-18469
[18481] + Gemfile in context: /home/ec2-user/Remedica-patient/Gemfile
[18474] - Worker 0 (pid: 18481) booted, phase: 0
[18474] - Gracefully shutting down workers...
[18474] === puma shutdown: 2017-02-01 17:14:04 +0000 ===
[18474] - Goodbye!
=== puma startup: 2017-02-01 17:15:34 +0000 ===
[18576] * Starting control server on unix:///tmp/puma-status-1485969334606-18571
[18583] + Gemfile in context: /home/ec2-user/Remedica-patient/Gemfile
[18576] - Worker 0 (pid: 18583) booted, phase: 0
[18576] - Gracefully shutting down workers...
[18576] === puma shutdown: 2017-02-01 17:15:41 +0000 ===
[18576] - Goodbye!
=== puma startup: 2017-02-01 17:17:18 +0000 ===
[18611] * Starting control server on unix:///tmp/puma-status-1485969438000-18606
[18618] + Gemfile in context: /home/ec2-user/Remedica-patient/Gemfile
[18611] - Worker 0 (pid: 18618) booted, phase: 0
[18611] - Gracefully shutting down workers...
[18611] === puma shutdown: 2017-02-01 17:22:45 +0000 ===
[18611] - Goodbye!
=== puma startup: 2017-02-01 17:22:47 +0000 ===
[18863] * Starting control server on unix:///tmp/puma-status-1485969767473-18858
[18870] + Gemfile in context: /home/ec2-user/Remedica-patient/Gemfile
[18863] - Worker 0 (pid: 18870) booted, phase: 0
[18863] - Gracefully shutting down workers...
[18863] === puma shutdown: 2017-02-01 17:23:05 +0000 ===
[18863] - Goodbye!
=== puma startup: 2017-02-01 17:29:04 +0000 ===
[19072] * Starting control server on unix:///tmp/puma-status-1485970144331-19067
[19079] + Gemfile in context: /home/ec2-user/Remedica-patient/Gemfile
[19072] - Worker 0 (pid: 19079) booted, phase: 0
[19072] - Gracefully shutting down workers...
[19072] === puma shutdown: 2017-02-01 17:29:22 +0000 ===
[19072] - Goodbye!
=== puma startup: 2017-02-01 17:56:45 +0000 ===
[20011] * Starting control server on unix:///tmp/puma-status-1485971805901-20006
[20018] + Gemfile in context: /home/ec2-user/Remedica-patient/Gemfile
[20011] - Worker 0 (pid: 20018) booted, phase: 0
[20011] - Gracefully shutting down workers...
[20011] === puma shutdown: 2017-02-01 18:02:19 +0000 ===
[20011] - Goodbye!
=== puma startup: 2017-02-01 18:02:23 +0000 ===
[20310] * Starting control server on unix:///tmp/puma-status-1485972143457-20305
[20317] + Gemfile in context: /home/ec2-user/Remedica-patient/Gemfile
[20310] - Worker 0 (pid: 20317) booted, phase: 0
[20310] - Gracefully shutting down workers...
[20310] === puma shutdown: 2017-02-01 18:02:42 +0000 ===
[20310] - Goodbye!
=== puma startup: 2017-02-01 18:03:17 +0000 ===
[20373] * Starting control server on unix:///tmp/puma-status-1485972197470-20368
[20380] + Gemfile in context: /home/ec2-user/Remedica-patient/Gemfile
[20373] - Worker 0 (pid: 20380) booted, phase: 0
[20373] - Gracefully shutting down workers...
[20373] === puma shutdown: 2017-02-01 18:03:55 +0000 ===
[20373] - Goodbye!
=== puma startup: 2017-02-01 18:11:23 +0000 ===
[20704] * Starting control server on unix:///tmp/puma-status-1485972683268-20699
[20711] + Gemfile in context: /home/ec2-user/Remedica-patient/Gemfile
[20704] - Worker 0 (pid: 20711) booted, phase: 0
[20704] - Gracefully shutting down workers...
[20704] === puma shutdown: 2017-02-01 18:11:26 +0000 ===
[20704] - Goodbye!
=== puma startup: 2017-02-01 18:16:53 +0000 ===
[20959] * Starting control server on unix:///tmp/puma-status-1485973013730-20954
[20966] + Gemfile in context: /home/ec2-user/Remedica-patient/Gemfile
[20959] - Worker 0 (pid: 20966) booted, phase: 0
[20959] - Gracefully shutting down workers...
[20959] === puma shutdown: 2017-02-01 18:18:46 +0000 ===
[20959] - Goodbye!
=== puma startup: 2017-02-01 18:18:49 +0000 ===
[21029] * Starting control server on unix:///tmp/puma-status-1485973129094-21024
[21036] + Gemfile in context: /home/ec2-user/Remedica-patient/Gemfile
[21029] - Worker 0 (pid: 21036) booted, phase: 0
[21029] - Gracefully shutting down workers...
[21029] === puma shutdown: 2017-02-01 18:19:34 +0000 ===
[21029] - Goodbye!
=== puma startup: 2017-02-01 18:20:44 +0000 ===
[21174] * Starting control server on unix:///tmp/puma-status-1485973244005-21169
[21181] + Gemfile in context: /home/ec2-user/Remedica-patient/Gemfile
[21174] - Worker 0 (pid: 21181) booted, phase: 0
[21174] - Gracefully shutting down workers...
[21174] === puma shutdown: 2017-02-01 18:21:03 +0000 ===
[21174] - Goodbye!
=== puma startup: 2017-02-02 00:15:36 +0530 ===
[18915] * Starting control server on unix:///tmp/puma-status-1485974736931-18915
[18957] + Gemfile in context: /media/ishaan/CC66323C6632281A/Ishaan/Projects/Remedica/Remedica-patient/Gemfile
[18915] - Worker 0 (pid: 18957) booted, phase: 0
[18915] - Gracefully shutting down workers...
[18915] === puma shutdown: 2017-02-02 00:15:49 +0530 ===
[18915] - Goodbye!
